TN:
SF:core/base.py
DA:1,1,yfPUERHh60V1p6I2zbbenA
DA:3,1,QU4fUCCSDo0MIYTu/Q5FLQ
DA:4,1,T9QenF+BdQj0pILNBoXPsQ
DA:5,1,l1JFFgwv0u4in1HC5n915Q
DA:6,1,IlAgQPBx2aQjob8APpcm4w
DA:8,1,HB4yIO1iyljTY8/arbQakg
DA:9,1,nyBPTfEX+FU5uL/QhiuF/A
LF:7
LH:7
end_of_record
TN:
SF:core/models.py
DA:2,1,yfPUERHh60V1p6I2zbbenA
DA:3,1,P1iRMyH1uyLIqEeEaeuZVQ
DA:4,1,iQ1r5YOvMns2nfRjfoIsMQ
DA:9,1,GkkQ2xrIIuKdXgBHCdHD0Q
DA:10,1,prYWXzI63Xu+lV+tRpgNQw
DA:11,1,/bSFnP7i2zNaPZ3L1F9aGw
DA:12,1,eUrTDP/w6mA4LnsV4OQKUQ
DA:13,1,utNs3qB+yQQfALll0h22kQ
DA:14,1,Tg1D9n0lMgUZG/GZlRE7Bw
LF:9
LH:9
end_of_record
TN:
SF:core/serializers.py
DA:1,1,as5xNKWRvovmvpgmbvRcLw
DA:2,1,WVxzbPat2ncdpq9SADH1AA
DA:5,1,Yw9XpqcwF2h5mMD+9M4XQg
DA:6,1,HB4yIO1iyljTY8/arbQakg
DA:7,1,Pbc3ZPwBnj9fbbrFNZIwAg
DA:8,1,eCQ36cx9m8oxN6mVv9sxeA
LF:6
LH:6
end_of_record
TN:
SF:core/tests.py
DA:1,1,oO4SzcHzqhlAdL5XC5lDWg
LF:1
LH:1
end_of_record
TN:
SF:core/views.py
DA:1,1,tknItnzpmXID6MtN0KZ1BQ
DA:2,1,eFNlKPSYKKRXtW4CJ8bg2w
DA:3,1,QB4fCs2BHaMB3/JMVpzHAw
DA:4,1,WVxzbPat2ncdpq9SADH1AA
DA:5,1,m5LABc7Ij24ULEQC9TruTw
DA:6,1,3Mq3g9Ls+cf2F0x2O96V9Q
DA:7,1,+RiVtAXVNuAy9Du0A50TeQ
DA:11,1,+9DTKFmvI/ewiBlSBCgl4g
DA:12,1,hK8O5CWVAhx1iOg2zpugCg
DA:13,1,pM+AagGTFBVkuDBsWeSxsw
LF:10
LH:10
end_of_record
TN:
SF:users/models.py
DA:1,1,GfjFfodtoPIyTYgzfd4UcQ
DA:2,1,iQ1r5YOvMns2nfRjfoIsMQ
DA:3,1,yfPUERHh60V1p6I2zbbenA
DA:8,1,i0rNAlBDLLCZMPvigI31ZA
DA:10,1,PRImg3viZiAOy/khd11H0w
DA:11,1,PdeqDqr4bOft68ON3+/7kg
LF:6
LH:6
end_of_record
TN:
SF:users/serializers.py
DA:1,1,as5xNKWRvovmvpgmbvRcLw
DA:2,1,P1iRMyH1uyLIqEeEaeuZVQ
DA:3,1,igl9OOIn5Vem1IHVz7rqmg
DA:4,1,YsNq7sOAXHFMRHx5HnPYKA
DA:5,1,F0ZEBB3DhFSs84TXK8VThw
DA:6,1,aWsdgBzN59+P5N6Iy9KKHg
DA:9,1,hocDIw2YXEyCmU95nyDGig
DA:10,1,qYlvloEy3e1O/GX6srmEvQ
DA:12,1,e7Id79DFjoE8YPBQGb8+fQ
DA:13,1,WgJKLv+zPSEeb/lYjPLkIg
DA:15,1,NF1yOR7h/hVE01xgN3CNZw
DA:16,1,Ih0AzdCES5M+LJIaj8E5sw
DA:17,1,xjcDBnSwra0OiNOAYAwoHA
DA:18,1,NtE9sJ3Q9AjowFH4LILJew
DA:19,1,wMJZcV37xUAKdeb8Goa+vw
DA:20,1,HsEW1+ya52RulGh4COncMA
DA:22,1,PsT+T3zPl8QhoDWsrc1CZw
DA:23,1,d5Ym9ve+ogldb+v66KLLog
DA:25,1,6uZSbamNWhk8tQn5VyxjrQ
DA:27,1,G8vbTpkhULDbpbr9GBrntA
DA:28,1,lwKWCB7YThXwh9kNp2lojg
DA:29,1,NzegDMlLYRNqkdBA6zWgiw
DA:30,1,mrIpt05X1+SsqbCcFqLHUQ
DA:31,1,0wIUvyD6r7c4FtvQnyGeiQ
DA:32,1,nQOCe00l3+eA37NRl+Ivvw
DA:34,1,HB4yIO1iyljTY8/arbQakg
DA:35,1,xXWGbQZpYmCc8IcK7UsDFg
DA:36,1,nAn+o9KpTB5ub3UCC0W1HA
DA:46,1,wZcv19AxsKRNIRSLttv/Qw
LF:29
LH:29
end_of_record
TN:
SF:users/tests.py
DA:1,1,6EqVyswJtxIE+9LVqyxOlA
DA:2,1,C3BjuF50D91JN6BZ/hdPGA
DA:3,1,+RiVtAXVNuAy9Du0A50TeQ
DA:7,1,KGz9LddksSPtdCzrtZRJBA
DA:8,1,56lfdMjtBYzygcSfzMRxxg
DA:11,1,EJe45NqHJchH2T5Q1HJypA
DA:12,1,uO6SL6oa0XhPLAbmLZifUg
DA:13,1,ZgAB+S+/KQK1XsMiHgqRPQ
DA:14,1,djcUnAbwhXxrW82Rud/LQA
DA:20,1,TPSJUf1MG2vK9pDVCiGc7Q
DA:22,1,wTHIxYfxDQ7eqX4IBCY4mg
DA:23,1,j3OoryUbpPAOHE++xdICGQ
DA:24,1,JXjm5VFtIp8UOdepdijwkQ
DA:25,1,cSgw8J92RDki/je3b3g26w
DA:26,1,IGaGemqHLqI3kn+qCIyxsA
DA:29,1,EJe45NqHJchH2T5Q1HJypA
DA:30,1,CrkcgYh6PW1KvcU37yy1EA
DA:31,1,GfRHtLT4Yesnx9vjPtgEhg
DA:32,1,djcUnAbwhXxrW82Rud/LQA
DA:39,1,TPSJUf1MG2vK9pDVCiGc7Q
DA:40,1,wTHIxYfxDQ7eqX4IBCY4mg
DA:43,1,TPSJUf1MG2vK9pDVCiGc7Q
DA:44,1,PycDAS7BLgpTC255cYlUrA
DA:45,1,niY/3kema8XBohvm3Qhc9g
DA:48,1,EJe45NqHJchH2T5Q1HJypA
DA:49,1,b/mzjGfBky75698Yxxuk3Q
DA:50,1,GfRHtLT4Yesnx9vjPtgEhg
DA:51,1,djcUnAbwhXxrW82Rud/LQA
DA:57,1,TPSJUf1MG2vK9pDVCiGc7Q
DA:58,1,PycDAS7BLgpTC255cYlUrA
DA:59,1,mIcu+12y7KuSztt2bWHAeg
DA:62,1,EJe45NqHJchH2T5Q1HJypA
DA:63,1,QorbWxH36uZNxC+67GaUvg
DA:64,1,GfRHtLT4Yesnx9vjPtgEhg
DA:65,1,djcUnAbwhXxrW82Rud/LQA
DA:71,1,TPSJUf1MG2vK9pDVCiGc7Q
DA:72,1,PycDAS7BLgpTC255cYlUrA
DA:73,1,+8o6H7WX6jtk/RONKMHtaA
DA:76,1,EJe45NqHJchH2T5Q1HJypA
DA:77,1,ANoJ+qtC+70Q9Re+OlR/Zw
DA:78,1,GfRHtLT4Yesnx9vjPtgEhg
DA:79,1,djcUnAbwhXxrW82Rud/LQA
DA:85,1,TPSJUf1MG2vK9pDVCiGc7Q
DA:86,1,PycDAS7BLgpTC255cYlUrA
DA:87,1,+8o6H7WX6jtk/RONKMHtaA
DA:90,1,EJe45NqHJchH2T5Q1HJypA
DA:91,1,zGHI2CNv+Rs9j8XDQ9dctQ
DA:92,1,GfRHtLT4Yesnx9vjPtgEhg
DA:93,1,djcUnAbwhXxrW82Rud/LQA
DA:99,1,TPSJUf1MG2vK9pDVCiGc7Q
DA:100,1,PycDAS7BLgpTC255cYlUrA
DA:101,1,+8o6H7WX6jtk/RONKMHtaA
DA:104,1,EJe45NqHJchH2T5Q1HJypA
DA:105,1,yPy38LKQnCesJTQZAfWkxg
DA:106,1,GfRHtLT4Yesnx9vjPtgEhg
DA:107,1,djcUnAbwhXxrW82Rud/LQA
DA:113,1,TPSJUf1MG2vK9pDVCiGc7Q
DA:114,1,PycDAS7BLgpTC255cYlUrA
DA:115,1,niY/3kema8XBohvm3Qhc9g
DA:118,1,EJe45NqHJchH2T5Q1HJypA
DA:119,1,nqeaXzipzaJ8d5n00F9F0g
DA:120,1,GfRHtLT4Yesnx9vjPtgEhg
DA:121,1,djcUnAbwhXxrW82Rud/LQA
DA:127,1,TPSJUf1MG2vK9pDVCiGc7Q
DA:128,1,wTHIxYfxDQ7eqX4IBCY4mg
DA:129,1,4maen0z7iYuDor7O0MoR9g
LF:66
LH:66
end_of_record
TN:
SF:users/views.py
DA:3,1,tknItnzpmXID6MtN0KZ1BQ
DA:4,1,P1iRMyH1uyLIqEeEaeuZVQ
DA:5,1,wJTCznH7q4u+XXmcCiWqng
DA:6,1,eFNlKPSYKKRXtW4CJ8bg2w
DA:7,1,yiqjcHm1+c3l/EaqUmMJ3Q
DA:8,1,3Mq3g9Ls+cf2F0x2O96V9Q
DA:9,1,+RiVtAXVNuAy9Du0A50TeQ
DA:11,1,XTemaO4aMeXcxUEkcEL+Tg
DA:12,1,41KqLasEhxmGFLs8N+OGzA
DA:13,1,FZqis8a9BQkWEZQsMoNhyg
DA:15,1,Rvwd29PbyiFk2FnqGDYgCQ
DA:19,1,TaWpFrHb5oXvjiORpiaZSQ
DA:20,1,lxiTC8I9VfMgIEaMNDG1AA
DA:22,1,hnMVcGmdjK5kTh0fJI/uow
DA:23,1,EVpPzytRkQ4YGuMUCLrNEA
DA:24,1,Osg0cI7cUuCfU0SrNO3v1g
DA:25,1,I2o+eD/i7ZqO5mDTerBGHw
DA:27,1,foP3UJLKU5rZhNiFkwdhXg
DA:31,1,WPh9SQRbYN2hgkod068Yyw
DA:16,0,l9mcFw0adknACK+v/xot1w
LF:20
LH:19
end_of_record
