TN:
SF:core/base.py
DA:1,1,yfPUERHh60V1p6I2zbbenA
DA:2,1,f5ppKXuAilymuHBaGiAr2Q
DA:5,1,XVJwlkfrLgJqtdpUfF2xmw
DA:6,1,/TJ5MnX7dVh+PcL1K45kuA
DA:7,1,RYSUnbHV5Lib+ProsSGjdg
DA:10,1,QU4fUCCSDo0MIYTu/Q5FLQ
DA:11,1,T9QenF+BdQj0pILNBoXPsQ
DA:12,1,l1JFFgwv0u4in1HC5n915Q
DA:13,1,IlAgQPBx2aQjob8APpcm4w
DA:15,1,r5I/kz9pxmycqmZuNTXt8Q
DA:17,1,HB4yIO1iyljTY8/arbQakg
DA:18,1,nyBPTfEX+FU5uL/QhiuF/A
DA:20,1,zrDxYUmrEmDmiwr6WQc+xg
DA:21,1,LwJt9+nu5A0ZxuTCFywOtg
DA:22,1,WxkM0SUAwAYlPujk2SQlpw
LF:15
LH:15
end_of_record
TN:
SF:core/models.py
DA:1,1,yfPUERHh60V1p6I2zbbenA
DA:2,1,ao3oTlJb2PsiFF0VDGD7iA
DA:4,1,iQ1r5YOvMns2nfRjfoIsMQ
DA:9,1,GkkQ2xrIIuKdXgBHCdHD0Q
DA:10,1,prYWXzI63Xu+lV+tRpgNQw
DA:11,1,/bSFnP7i2zNaPZ3L1F9aGw
DA:12,1,eUrTDP/w6mA4LnsV4OQKUQ
DA:13,1,gktszD0WSd4tJMYFqxr1Kg
DA:14,1,1EntjZ/qxxWF6dd36nxKzA
DA:16,1,1Ix/Ta+kMg+olJ+Ss+Yq2w
DA:17,1,8C5GdxS93YCgW7lzYb29bg
DA:18,1,Ay9A3Sd98lY/AV9jb0Npfg
DA:20,1,PZiqqn06CcHHNKVkxg5VWQ
DA:23,1,dy51frandTAbZyt2mRAClQ
DA:24,1,VX7psbfgRatR/l7nP1QWiQ
DA:25,1,YesMkB6aVsCymZO7WFgozA
DA:26,1,JNw3D9rpV0LcCL8ZgHz84g
LF:17
LH:17
end_of_record
TN:
SF:core/permissions.py
DA:1,1,LN8X1PIj07iBks+AlC1byQ
DA:3,1,UAiCpU2ZF4OoiIZTwX8hNA
DA:6,1,xbzMrAPu3MB1yBy4+X8DjA
DA:7,1,ufxBsPCjXbTfWnz/u6aa8A
DA:9,1,e7xmntzoVsKFeORrZ+wAXA
DA:11,1,GNIuSq7gexXRCX+TMMZ+4A
DA:13,1,GjRMjYbwKsk54GYUrcrYDw
DA:14,1,z1FY6hyPBCbZwMZY9KnRLg
DA:17,1,ztYl4w1UvgVaDbhPwwKnJg
DA:18,1,z1FY6hyPBCbZwMZY9KnRLg
DA:21,1,m49Rn0gB4O7YXVRcO5SJ/w
DA:22,1,LWLZOEXXkzVJKY2/pTKbCg
DA:25,1,0iPhUy4IS6w8W+aoGTG83Q
DA:29,1,k4tZn0zDsLZ0BDJAzNAdzQ
DA:30,1,nH1C9RUq0KUorV4wW6EYEw
DA:34,1,msdDF1E9xw6tIQmiYFrAcw
DA:35,1,nH1C9RUq0KUorV4wW6EYEw
DA:40,0,XpGkDEVvPUUwlSRbKS2oow
DA:41,0,2PJA7VPHcUl4etkt7UHRKg
DA:43,0,W/g8GJDAYJkSSurt59Mzfw
LF:20
LH:17
end_of_record
TN:
SF:core/serializers.py
DA:1,1,as5xNKWRvovmvpgmbvRcLw
DA:2,1,ao3oTlJb2PsiFF0VDGD7iA
DA:3,1,wJTCznH7q4u+XXmcCiWqng
DA:5,1,js5Zywvrja066ZG+GzFiZA
DA:8,1,Yw9XpqcwF2h5mMD+9M4XQg
DA:9,1,yViVkUySx8ppQk5/fA3J0A
DA:10,1,hYgkA97mSzuop8n8EDxh5Q
DA:11,1,kUQ82kuZjhbSUIJ3521/cg
DA:13,1,HB4yIO1iyljTY8/arbQakg
DA:14,1,Pbc3ZPwBnj9fbbrFNZIwAg
DA:15,1,nAn+o9KpTB5ub3UCC0W1HA
DA:26,1,Mi1vpuiYdWg1RagoaKs31Q
DA:36,1,WqjtWtM9mIbv9F+iL1nX7A
DA:37,1,C986YGKKeEpVsoGUOBwHHw
DA:38,1,KfKeMH43gGITb7PGB6U73w
DA:39,1,vQWY+/MfayO7fw3XPBEP3A
DA:40,1,JNlgJ1bJTAd7q6ji3F4brA
DA:43,1,zm5SMbjZ1Xw6IjhZvGJTSg
DA:44,1,HB4yIO1iyljTY8/arbQakg
DA:45,1,jy5utf8VbNSULZRqzO5ugQ
DA:46,1,Q7XUv3fbRuhK4W1fhkXItw
DA:48,1,e7Id79DFjoE8YPBQGb8+fQ
DA:50,1,xjcDBnSwra0OiNOAYAwoHA
DA:51,1,XNOetoiriRh7aXXJrSIalg
DA:56,1,xjcDBnSwra0OiNOAYAwoHA
DA:57,1,jj+wBMwc4Kt+tbgDghWceg
DA:62,1,xjcDBnSwra0OiNOAYAwoHA
DA:63,1,AuuRHrMlQDg+t1N68GtjfQ
DA:67,1,/74eoZIcTHR3Li1uUT1/0A
DA:52,0,NZFfvHwU2nzEqgD3thFbzQ
DA:53,0,4NFlvoOe4QSnTBprBi8aLQ
DA:58,0,phou7BVumrVXaoM59FJ/yA
DA:59,0,iPmNEYz++zQjLOf+Pa8bRQ
DA:64,0,UFHg515Vo0hLKXzCEea73Q
DA:65,0,K9WmqISgR3UMehCDBiXA3w
LF:35
LH:29
end_of_record
TN:
SF:core/tests.py
DA:1,1,AwpGUILSjGu34WAr6c5fRA
DA:2,1,CzkRu6HMc+tByN18vGgyag
DA:4,1,c/4c4Tw34Rx1qcyowcjnqw
DA:5,1,6EqVyswJtxIE+9LVqyxOlA
DA:6,1,C3BjuF50D91JN6BZ/hdPGA
DA:7,1,+RiVtAXVNuAy9Du0A50TeQ
DA:8,1,35XmMhyT6SmGGyq+sPhxmA
DA:9,1,+ZLt5X4AztHk+t9Rrbo8KQ
DA:10,1,ao3oTlJb2PsiFF0VDGD7iA
DA:12,1,js5Zywvrja066ZG+GzFiZA
DA:13,1,pcnawS4i/wlhG/+tok754Q
DA:16,1,94X4nhA7Pe/OFJ+DxO73Mg
DA:17,1,GDWYRBfimgLpfLdzHwJfww
DA:18,1,2BTgfoWfv8QjlDwyPFgFjg
DA:21,1,XhRuGIaFcFrsf7NImpP7LA
DA:22,1,ZwJqFfWZTofOmSjyQunQFw
DA:23,1,1Tw4c1oYBdSusC69oysMTQ
DA:25,1,/a0LgALjQBFQfZ8reXSgfw
DA:28,1,94X4nhA7Pe/OFJ+DxO73Mg
DA:29,1,bo2xNKj3taTfQ6ii0gtBGQ
DA:30,1,reEk0/m1vntv2GagO8UR+Q
DA:34,1,XhRuGIaFcFrsf7NImpP7LA
DA:35,1,IjJKdr+AID/Ot/afvUvAAw
DA:36,1,1Tw4c1oYBdSusC69oysMTQ
DA:38,1,/a0LgALjQBFQfZ8reXSgfw
DA:41,1,94X4nhA7Pe/OFJ+DxO73Mg
DA:42,1,R2IC12msMeE/brMlNzDYGA
DA:43,1,0Dwek6L1wZfS4tODpTNVFQ
DA:46,1,94X4nhA7Pe/OFJ+DxO73Mg
DA:47,1,hDMo8wXIo3sEj4rhu7Mxsw
DA:48,1,VZiC63YuEE1qFoM7L1f3xQ
DA:51,1,EJe45NqHJchH2T5Q1HJypA
DA:52,1,s/JzVh9MSUR2Vi7s043xFQ
DA:53,1,8XKiDelkT1HovKGet90wXw
DA:54,1,BxEKXok41EhOuj+eUzRRiA
DA:55,1,wTHIxYfxDQ7eqX4IBCY4mg
DA:56,1,ca9iLOwBI/BonLM0v828vQ
DA:57,1,ELhCfvqvy5P6zbVqNGTFlQ
DA:58,1,G8cZy9bhw/IxztNgVbIeLg
DA:59,1,D37jK1G4+U/+MW/O6JU2fg
DA:60,1,6jbepMOIeR4arOYYWcbI6g
DA:63,1,EJe45NqHJchH2T5Q1HJypA
DA:64,1,VwFmfgN8iq25MZZpUaOmXQ
DA:65,1,1Kjfs2cdcEiXSK5CsS03fw
DA:67,1,8XKiDelkT1HovKGet90wXw
DA:68,1,+ki3eqn9CnNuigYlQwJ8CA
DA:69,1,PycDAS7BLgpTC255cYlUrA
DA:72,1,EJe45NqHJchH2T5Q1HJypA
DA:73,1,70iutrdfk+ruP0HarCOGRg
DA:74,1,TIxNqn9PPDaigzdqT7krDg
DA:76,1,8XKiDelkT1HovKGet90wXw
DA:77,1,+ki3eqn9CnNuigYlQwJ8CA
DA:78,1,PycDAS7BLgpTC255cYlUrA
DA:81,1,EJe45NqHJchH2T5Q1HJypA
DA:82,1,eGdEhZ7eAgQJ+wXlUnte6g
DA:83,1,EZtx6vGuy/EXW1tWK6ZQPw
DA:85,1,8XKiDelkT1HovKGet90wXw
DA:86,1,+ki3eqn9CnNuigYlQwJ8CA
DA:87,1,PycDAS7BLgpTC255cYlUrA
DA:90,1,EJe45NqHJchH2T5Q1HJypA
DA:91,1,cfgbyM9r1WFYNf3PWFrjyg
DA:92,1,+RnIWUNEoy05nlj6F47nLQ
DA:93,1,8XKiDelkT1HovKGet90wXw
DA:95,1,+ki3eqn9CnNuigYlQwJ8CA
DA:96,1,PycDAS7BLgpTC255cYlUrA
DA:99,1,EJe45NqHJchH2T5Q1HJypA
DA:100,1,/PdW4JXuP0wZpe1LMn/0Yg
DA:101,1,rEcZSw5QXN0qRXBv8L2NFQ
DA:102,1,8XKiDelkT1HovKGet90wXw
DA:104,1,QeDJNmgZjHR3+m3rVbgeVw
DA:105,1,KKNQZuocWWe7m9mZo3P+Vg
DA:107,1,+ki3eqn9CnNuigYlQwJ8CA
DA:108,1,PycDAS7BLgpTC255cYlUrA
DA:111,1,EJe45NqHJchH2T5Q1HJypA
DA:112,1,nd05pKolPc6lkIf0EUBc/Q
DA:113,1,rEcZSw5QXN0qRXBv8L2NFQ
DA:115,1,qjpai2jRaq1ZA1cehQcsvQ
DA:116,1,kpar1Vt0ssOxbZW6feLPew
DA:117,1,PZffJm6EEeFCDvTV7hLOeA
DA:118,1,EFKiIh5gkskM6QXaRjQ/Hg
DA:119,1,cZCyy+Diduo7mG/+LyHiog
DA:121,1,iaqIjs1vIEccN3TqIpCKeg
DA:123,1,30E5WqVXcJYr8zYne3tgLg
DA:124,1,F7T+ik7imzEk16ZZqe0yzw
DA:125,1,j6cI4wUGvOr9D7yjpW9SwQ
DA:128,1,EJe45NqHJchH2T5Q1HJypA
DA:129,1,O3AxQF7jK3bQAE/u/UftuA
DA:130,1,rEcZSw5QXN0qRXBv8L2NFQ
DA:132,1,MqAb8gUaWTLSg8eT5/mn2Q
DA:133,1,kpar1Vt0ssOxbZW6feLPew
DA:134,1,PZffJm6EEeFCDvTV7hLOeA
DA:135,1,EFKiIh5gkskM6QXaRjQ/Hg
DA:136,1,cZCyy+Diduo7mG/+LyHiog
DA:138,1,iaqIjs1vIEccN3TqIpCKeg
DA:140,1,g3Z5mb/7ffD7MLpMUkFdug
DA:143,1,EJe45NqHJchH2T5Q1HJypA
DA:144,1,KCtuqVHpdky/iRt5Gy6yeA
DA:145,1,rEcZSw5QXN0qRXBv8L2NFQ
DA:147,1,MqAb8gUaWTLSg8eT5/mn2Q
DA:148,1,kpar1Vt0ssOxbZW6feLPew
DA:149,1,oz4HOJc7X2N6k8Vp45s8Nw
DA:150,1,IOLCp4aBHR74QZPYKd0l0Q
DA:153,1,I+za2d3lyHoyDD24zSHfKQ
DA:155,1,YdiDHN2y2P08Y17jW868RA
DA:156,1,PZffJm6EEeFCDvTV7hLOeA
DA:157,1,EFKiIh5gkskM6QXaRjQ/Hg
DA:158,1,ERf4+VSwGlOaITutQL7RSg
DA:160,1,iaqIjs1vIEccN3TqIpCKeg
DA:161,1,30E5WqVXcJYr8zYne3tgLg
DA:162,1,lMP0WxaLOTnw/QP6I6xz+g
DA:164,1,m/Xta9R9YgDN7GXmoQkU6A
DA:166,1,HhjHsYeGWtooDeFW5CSgJw
DA:167,1,PiJiJHkGICwi8HjhycVk4w
DA:170,1,EJe45NqHJchH2T5Q1HJypA
DA:171,1,q3r0yErWCSkq7k+cbgR3Qg
DA:172,1,LxvxKJdWV4SrR+5I5moB+Q
DA:173,1,QAbFHTKTEmQXTo7sDcIHrg
DA:175,1,qrzqHpClR6VUS575VzyNSw
DA:178,1,EJe45NqHJchH2T5Q1HJypA
DA:179,1,/JZGWdC0UQcMlwgIsI2HDQ
DA:180,1,LxvxKJdWV4SrR+5I5moB+Q
DA:181,1,iaqIjs1vIEccN3TqIpCKeg
DA:183,1,g3Z5mb/7ffD7MLpMUkFdug
DA:186,1,EJe45NqHJchH2T5Q1HJypA
DA:187,1,FPkJpVn9271UY3RwC5n5ww
DA:188,1,rEcZSw5QXN0qRXBv8L2NFQ
DA:189,1,wuWkyEeJMSPbCXr9meisLA
DA:191,1,MqAb8gUaWTLSg8eT5/mn2Q
DA:192,1,kpar1Vt0ssOxbZW6feLPew
DA:194,1,cZCyy+Diduo7mG/+LyHiog
DA:196,1,XhRuGIaFcFrsf7NImpP7LA
DA:197,1,ZwJqFfWZTofOmSjyQunQFw
DA:198,1,1Tw4c1oYBdSusC69oysMTQ
DA:200,1,NQixFaoldm/QL9WaIlRceQ
DA:202,1,30E5WqVXcJYr8zYne3tgLg
DA:203,1,yeApo1l/zgjPopxPsJn60g
DA:204,1,VfkpKQDDs6XHfZNtwwDAwg
DA:205,1,vx70Ggu7Z6EMkE44kyo0eQ
DA:208,1,EJe45NqHJchH2T5Q1HJypA
DA:209,1,JJ/Crr/VQLxYAKeJEqyKfA
DA:210,1,rEcZSw5QXN0qRXBv8L2NFQ
DA:211,1,wuWkyEeJMSPbCXr9meisLA
DA:213,1,MqAb8gUaWTLSg8eT5/mn2Q
DA:214,1,kpar1Vt0ssOxbZW6feLPew
DA:215,1,IOLCp4aBHR74QZPYKd0l0Q
DA:216,1,spp7znL1ThvkCZPr6Neiig
DA:219,1,I+za2d3lyHoyDD24zSHfKQ
DA:220,1,YdiDHN2y2P08Y17jW868RA
DA:222,1,cZCyy+Diduo7mG/+LyHiog
DA:224,1,SUcRxDOE7yubc4Ftw+NpuA
DA:226,1,30E5WqVXcJYr8zYne3tgLg
DA:227,1,yeApo1l/zgjPopxPsJn60g
DA:228,1,VfkpKQDDs6XHfZNtwwDAwg
DA:229,1,vx70Ggu7Z6EMkE44kyo0eQ
DA:232,1,EJe45NqHJchH2T5Q1HJypA
DA:233,1,yrDA/BuyCczVzqZ7q/Vixg
DA:234,1,rEcZSw5QXN0qRXBv8L2NFQ
DA:235,1,wuWkyEeJMSPbCXr9meisLA
DA:237,1,MqAb8gUaWTLSg8eT5/mn2Q
DA:238,1,kpar1Vt0ssOxbZW6feLPew
DA:239,1,IOLCp4aBHR74QZPYKd0l0Q
DA:240,1,oz4HOJc7X2N6k8Vp45s8Nw
DA:243,1,I+za2d3lyHoyDD24zSHfKQ
DA:244,1,YdiDHN2y2P08Y17jW868RA
DA:246,1,cZCyy+Diduo7mG/+LyHiog
DA:248,1,SUcRxDOE7yubc4Ftw+NpuA
DA:250,1,9KVDra3bZ+yBjlFnnVufOg
DA:253,1,EJe45NqHJchH2T5Q1HJypA
DA:254,1,3wctqRaGaGWFWM+VJq90Tw
DA:255,1,rEcZSw5QXN0qRXBv8L2NFQ
DA:256,1,wuWkyEeJMSPbCXr9meisLA
DA:258,1,MqAb8gUaWTLSg8eT5/mn2Q
DA:259,1,reEk0/m1vntv2GagO8UR+Q
DA:262,1,kpar1Vt0ssOxbZW6feLPew
DA:264,1,cZCyy+Diduo7mG/+LyHiog
DA:266,1,XhRuGIaFcFrsf7NImpP7LA
DA:267,1,IjJKdr+AID/Ot/afvUvAAw
DA:268,1,1Tw4c1oYBdSusC69oysMTQ
DA:270,1,NQixFaoldm/QL9WaIlRceQ
DA:272,1,30E5WqVXcJYr8zYne3tgLg
DA:273,1,yeApo1l/zgjPopxPsJn60g
DA:274,1,VfkpKQDDs6XHfZNtwwDAwg
DA:275,1,vx70Ggu7Z6EMkE44kyo0eQ
DA:278,1,EJe45NqHJchH2T5Q1HJypA
DA:279,1,U6VgJBAO27g9TrC6K6QAJw
DA:280,1,wuWkyEeJMSPbCXr9meisLA
DA:281,1,MqAb8gUaWTLSg8eT5/mn2Q
DA:283,1,LxvxKJdWV4SrR+5I5moB+Q
DA:285,1,XhRuGIaFcFrsf7NImpP7LA
DA:286,1,ZwJqFfWZTofOmSjyQunQFw
DA:287,1,1Tw4c1oYBdSusC69oysMTQ
DA:289,1,NQixFaoldm/QL9WaIlRceQ
DA:291,1,g3Z5mb/7ffD7MLpMUkFdug
DA:294,1,EJe45NqHJchH2T5Q1HJypA
DA:295,1,aMLomYttWijyQJVXbWyrbA
DA:296,1,rEcZSw5QXN0qRXBv8L2NFQ
DA:297,1,Fjy1bTqA0p9rIzkKTkfMtg
DA:299,1,MqAb8gUaWTLSg8eT5/mn2Q
DA:300,1,kpar1Vt0ssOxbZW6feLPew
DA:302,1,cZCyy+Diduo7mG/+LyHiog
DA:304,1,XhRuGIaFcFrsf7NImpP7LA
DA:305,1,ZwJqFfWZTofOmSjyQunQFw
DA:306,1,1Tw4c1oYBdSusC69oysMTQ
DA:308,1,NQixFaoldm/QL9WaIlRceQ
DA:310,1,PycDAS7BLgpTC255cYlUrA
DA:313,1,EJe45NqHJchH2T5Q1HJypA
DA:314,1,7SvnsIfQHfNfG1Rm7RxJhw
DA:315,1,rEcZSw5QXN0qRXBv8L2NFQ
DA:316,1,K/e9a1xMoMqQKQBo8kvTcQ
DA:318,1,MqAb8gUaWTLSg8eT5/mn2Q
DA:319,1,kpar1Vt0ssOxbZW6feLPew
DA:321,1,cZCyy+Diduo7mG/+LyHiog
DA:323,1,XhRuGIaFcFrsf7NImpP7LA
DA:324,1,ZwJqFfWZTofOmSjyQunQFw
DA:325,1,1Tw4c1oYBdSusC69oysMTQ
DA:327,1,NQixFaoldm/QL9WaIlRceQ
DA:329,1,PycDAS7BLgpTC255cYlUrA
DA:332,1,EJe45NqHJchH2T5Q1HJypA
DA:333,1,s8271wAwO2jP/wLDPiwt3Q
DA:334,1,rEcZSw5QXN0qRXBv8L2NFQ
DA:335,1,BuXtgqH/zgDnI+xH9DNtNQ
DA:337,1,MqAb8gUaWTLSg8eT5/mn2Q
DA:338,1,kpar1Vt0ssOxbZW6feLPew
DA:340,1,cZCyy+Diduo7mG/+LyHiog
DA:342,1,XhRuGIaFcFrsf7NImpP7LA
DA:343,1,ZwJqFfWZTofOmSjyQunQFw
DA:344,1,1Tw4c1oYBdSusC69oysMTQ
DA:346,1,NQixFaoldm/QL9WaIlRceQ
DA:348,1,PycDAS7BLgpTC255cYlUrA
DA:351,1,EJe45NqHJchH2T5Q1HJypA
DA:352,1,D67Lr4LaUAuzhjjpytGWYA
DA:353,1,rEcZSw5QXN0qRXBv8L2NFQ
DA:354,1,wuWkyEeJMSPbCXr9meisLA
DA:356,1,MqAb8gUaWTLSg8eT5/mn2Q
DA:357,1,kpar1Vt0ssOxbZW6feLPew
DA:359,1,cZCyy+Diduo7mG/+LyHiog
DA:361,1,SUcRxDOE7yubc4Ftw+NpuA
DA:363,1,g3Z5mb/7ffD7MLpMUkFdug
DA:364,1,6bij4uURik0es+uJRpBfMQ
DA:367,1,EJe45NqHJchH2T5Q1HJypA
DA:368,1,y5vV0YaDhqC+xJkMQrtRFA
DA:369,1,rEcZSw5QXN0qRXBv8L2NFQ
DA:370,1,MqAb8gUaWTLSg8eT5/mn2Q
DA:371,1,kpar1Vt0ssOxbZW6feLPew
DA:373,1,cZCyy+Diduo7mG/+LyHiog
DA:375,1,XhRuGIaFcFrsf7NImpP7LA
DA:376,1,ZwJqFfWZTofOmSjyQunQFw
DA:377,1,1Tw4c1oYBdSusC69oysMTQ
DA:379,1,YT2nwFEOJFIFGi1Xji7S1A
DA:381,1,lOYw9wvU2fawpHen0WzKMg
DA:382,1,eXF91JMibTsmgWdsxlM6Gg
DA:383,1,FO2Q0RZito96c1yze/r5vg
DA:386,1,EJe45NqHJchH2T5Q1HJypA
DA:387,1,+rqEIXCAzF3HTOza22h1fg
DA:388,1,rEcZSw5QXN0qRXBv8L2NFQ
DA:389,1,MqAb8gUaWTLSg8eT5/mn2Q
DA:390,1,kpar1Vt0ssOxbZW6feLPew
DA:392,1,cZCyy+Diduo7mG/+LyHiog
DA:394,1,XhRuGIaFcFrsf7NImpP7LA
DA:395,1,ZwJqFfWZTofOmSjyQunQFw
DA:396,1,1Tw4c1oYBdSusC69oysMTQ
DA:398,1,YT2nwFEOJFIFGi1Xji7S1A
DA:399,1,YT2nwFEOJFIFGi1Xji7S1A
DA:401,1,g3Z5mb/7ffD7MLpMUkFdug
DA:402,1,eXF91JMibTsmgWdsxlM6Gg
DA:403,1,FO2Q0RZito96c1yze/r5vg
DA:406,1,EJe45NqHJchH2T5Q1HJypA
DA:407,1,rg8aGUskeVDaPI1Cz1SiIQ
DA:408,1,rEcZSw5QXN0qRXBv8L2NFQ
DA:409,1,MqAb8gUaWTLSg8eT5/mn2Q
DA:410,1,kpar1Vt0ssOxbZW6feLPew
DA:412,1,cZCyy+Diduo7mG/+LyHiog
DA:414,1,cP6Lsdyrpq9Yjb1fYFRgQg
DA:416,1,g3Z5mb/7ffD7MLpMUkFdug
DA:419,1,EJe45NqHJchH2T5Q1HJypA
DA:420,1,gD5UzpLv2YgqLLXXEydwLQ
DA:421,1,rEcZSw5QXN0qRXBv8L2NFQ
DA:422,1,MqAb8gUaWTLSg8eT5/mn2Q
DA:423,1,kpar1Vt0ssOxbZW6feLPew
DA:425,1,IOLCp4aBHR74QZPYKd0l0Q
DA:426,1,gaxp+q5g7KZsxRPtwQ9aZw
DA:429,1,I+za2d3lyHoyDD24zSHfKQ
DA:430,1,YdiDHN2y2P08Y17jW868RA
DA:432,1,cZCyy+Diduo7mG/+LyHiog
DA:434,1,cP6Lsdyrpq9Yjb1fYFRgQg
DA:436,1,lOYw9wvU2fawpHen0WzKMg
DA:439,1,EJe45NqHJchH2T5Q1HJypA
DA:440,1,Y5bL+fIvz0jJqEH6h73hvw
DA:441,1,rEcZSw5QXN0qRXBv8L2NFQ
DA:442,1,MqAb8gUaWTLSg8eT5/mn2Q
DA:443,1,kpar1Vt0ssOxbZW6feLPew
DA:444,1,reEk0/m1vntv2GagO8UR+Q
DA:448,1,XhRuGIaFcFrsf7NImpP7LA
DA:449,1,IjJKdr+AID/Ot/afvUvAAw
DA:450,1,1Tw4c1oYBdSusC69oysMTQ
DA:452,1,cZCyy+Diduo7mG/+LyHiog
DA:454,1,YT2nwFEOJFIFGi1Xji7S1A
DA:456,1,lOYw9wvU2fawpHen0WzKMg
DA:459,1,EJe45NqHJchH2T5Q1HJypA
DA:460,1,4W3r+KjBEd1AAHXb2bxc6w
DA:461,1,F9FmOYLSAMM8d+MWbm8iFw
DA:464,1,nZ68Pp13LaXVDcB8zeke/Q
DA:465,1,8j+L2fxM5qAeU1WSiIWORg
DA:467,1,Z81k3G9ozhG6jhstFjCv5g
DA:469,1,kV7vLJ/H5QFcbFBDBdkQxA
DA:471,1,30E5WqVXcJYr8zYne3tgLg
DA:472,1,aeP8YpbSXv7yQ1neXw7nUQ
DA:473,1,+2DDnT1ADfoivlZIPv7wPw
DA:474,1,C82YQZWkNoq68DaKzSFQhQ
DA:477,1,EJe45NqHJchH2T5Q1HJypA
DA:478,1,1a9Ft/GB9PoyUf+nKU5Y5w
DA:479,1,rEcZSw5QXN0qRXBv8L2NFQ
DA:480,1,MqAb8gUaWTLSg8eT5/mn2Q
DA:481,1,kpar1Vt0ssOxbZW6feLPew
DA:482,1,1g2f7/acWLrJIjY9lxInvQ
DA:484,1,1mDpDXjq/iP/5EZwcr5bcA
DA:485,1,tM+cSQu8SbNuCr4o2bdalA
DA:487,1,s4lEiLz1tB7/N4NM7kIEFg
DA:489,1,wTHIxYfxDQ7eqX4IBCY4mg
DA:493,1,EJe45NqHJchH2T5Q1HJypA
DA:494,1,sugXrwfxMIfK+9CFNnCwag
DA:495,1,rEcZSw5QXN0qRXBv8L2NFQ
DA:496,1,MqAb8gUaWTLSg8eT5/mn2Q
DA:497,1,kpar1Vt0ssOxbZW6feLPew
DA:498,1,1g2f7/acWLrJIjY9lxInvQ
DA:499,1,ljzn3luU5k5VnBvMkx/SXA
DA:501,1,xMCLG3UzvsI6pt1QQXqYcw
DA:503,1,1mDpDXjq/iP/5EZwcr5bcA
DA:504,1,mno3U5ulirQZcHno2Rr28g
DA:506,1,s4lEiLz1tB7/N4NM7kIEFg
DA:508,1,30E5WqVXcJYr8zYne3tgLg
DA:512,1,EJe45NqHJchH2T5Q1HJypA
DA:513,1,p8nZ/HtsteKOoFi1zO4BnQ
DA:514,1,rEcZSw5QXN0qRXBv8L2NFQ
DA:515,1,MqAb8gUaWTLSg8eT5/mn2Q
DA:516,1,kpar1Vt0ssOxbZW6feLPew
DA:517,1,1g2f7/acWLrJIjY9lxInvQ
DA:519,1,xMCLG3UzvsI6pt1QQXqYcw
DA:521,1,1mDpDXjq/iP/5EZwcr5bcA
DA:522,1,tM+cSQu8SbNuCr4o2bdalA
DA:524,1,uUhmlKU0wmMOB+Tc9cC/og
DA:526,1,30E5WqVXcJYr8zYne3tgLg
DA:527,1,8boxplOE7nVj7VEiBXGHGQ
LF:343
LH:343
end_of_record
TN:
SF:core/views.py
DA:1,1,pcnawS4i/wlhG/+tok754Q
DA:2,1,ckrFSLz/SjSLduIubRu5tw
DA:3,1,c/4c4Tw34Rx1qcyowcjnqw
DA:4,1,twiHA3PQ/NxqMC/Qs7003w
DA:5,1,lu7vFnHMCnnGYh8TyB7U2w
DA:6,1,WharKvtPfss9FgU67KKiuA
DA:7,1,Zb4PX7JWIZmqtUkVEqREnQ
DA:8,1,QlTs+YN5XKiwxqCWXwmIEw
DA:9,1,3Mq3g9Ls+cf2F0x2O96V9Q
DA:11,1,js5Zywvrja066ZG+GzFiZA
DA:12,1,MG4C/YViEvXynyKM3KaS9Q
DA:13,1,5UVqFGza0TwBSgHshEnKOw
DA:20,1,+9DTKFmvI/ewiBlSBCgl4g
DA:21,1,usjj6z3bny6omI4faTwVhQ
DA:22,1,pM+AagGTFBVkuDBsWeSxsw
DA:23,1,NiMZg3SVHq+8LlX9iOZvzA
DA:24,1,nsYfsOJO9lw5NqDPFLo95A
DA:25,1,aY7nEDOXxAEd+CKKd+2Rmg
DA:27,1,6CRnfrWMws7Ilkugij8tJQ
DA:28,1,KpFlQY1TqHHm1+vLRX+fRg
DA:30,1,bpYDcXPbyJIeCqgM2adjZw
DA:33,1,xt8OWbk9EhDjkwBvXvQ8Tw
DA:34,1,5uJ1Hl+C8iZ6isTuaLjYow
DA:36,1,RoE30ocNnMkAXN2T6mvZ9g
DA:37,1,5ZNC1X8LVbqMBBJJAeB0kA
DA:43,1,Kifp9+fUlytHiLtgHYXtuw
DA:49,1,Ej2Wmyi2ji/xcA34of0vGg
DA:50,1,KpFlQY1TqHHm1+vLRX+fRg
DA:52,1,Lvf5Z44TCjmU6gue/jIpRQ
DA:53,1,TL8RsvK560UvMxGOC/AIcg
DA:55,1,WEMwQnQrC3FV33BK+08gEg
DA:57,1,Rvwd29PbyiFk2FnqGDYgCQ
DA:58,1,xjcDBnSwra0OiNOAYAwoHA
DA:59,1,LQdGXVBNiYrz7yPdD0ZM/Q
DA:60,1,Jx0uRBfGIeLqjGDib5kO5Q
DA:61,1,Gk4udZ40CiScx41Rmu48EQ
DA:63,1,/G5HgnFRPYULBucds1NAow
DA:64,1,aQ8Tn6SQ2hAWyz125oZkvA
DA:65,1,QVbCUfu2zvlxF5cv1jUdTw
DA:66,1,0g+gHLmbZG5Appi34tdGMQ
DA:67,1,WRhUA8Er1dASj4MFr1K07A
DA:68,1,HXpoL3TaQlCDFQSbE3dqHQ
DA:71,1,8kZWD4aeR/NhMdXkjYhmXg
DA:72,1,6QIWikMWOjFVPqoFts/0qg
DA:74,1,Lq3vsTNaZ3JYMOwKMKUWaA
DA:75,1,2XwhBrXWUdkYYs7q/GKUag
DA:76,1,Osg0cI7cUuCfU0SrNO3v1g
DA:77,1,jUVC/D9ISnmQ7SrR8ObsNw
DA:78,1,uThspst5vk1lQRyi2ko0Vg
DA:79,1,Kz/Diw8RsZqb55w5EZzrGg
DA:82,1,bjJ31DOaz7UFf3MF3Qx4Jg
DA:86,1,+cZXCOJ8W9Yt69f2qylp9A
DA:87,1,gFaz2+AFuGWRw1SjwZHm8w
DA:88,1,83E2+PvTdqm52CnqYfBZ7A
DA:90,1,6g7ooVxa4rdQKn9CaIUjFw
DA:91,1,MLDbh6xfIr6iMLz09cXKWQ
DA:93,1,foP3UJLKU5rZhNiFkwdhXg
DA:103,1,ZjnreKuVsYyzL+dcs17GDw
DA:104,1,2XwhBrXWUdkYYs7q/GKUag
DA:105,1,Osg0cI7cUuCfU0SrNO3v1g
DA:106,1,jUVC/D9ISnmQ7SrR8ObsNw
DA:107,1,uThspst5vk1lQRyi2ko0Vg
DA:109,1,xvWIcpcyNr0gyGcTkdMxXw
DA:110,1,3Ot1fjh48K2s5td13MWYwA
DA:111,1,c6GT3ufpE4wx1wyov3KZRQ
DA:112,1,Xxux9sDy3pNVGC84t1pOgg
DA:125,1,EQNLAUIPXwD67d4yjH50BA
DA:126,1,o4vXvsycdFSjBM3HlXI/QA
DA:127,1,E33hPFHLH9lGmfKURWfaHg
DA:129,1,jft9WwTqYz04Kd17MIdpOQ
DA:130,1,zAeLtAwWg+YQC7me0VVWOA
DA:136,1,UhqoJMv/cSIZ+fGb08WTjg
DA:137,1,W1k0i1sPnYEUBryKsOXRDg
DA:138,1,5S4knMj+qy3L0SF0aW9nEw
DA:142,1,V4hCZRBlz30vuP7EMp3Dfg
DA:143,1,xjcDBnSwra0OiNOAYAwoHA
DA:144,1,TjXF+B4g48ojAN/PBqGksg
DA:145,1,rmJruV/KLE7++heuV7K+mQ
DA:146,1,z+nN/1StkhI6ChPT83gI2w
DA:147,1,n05AfdIFALNK7eRaTWeHow
DA:151,1,Dm1SmxEiVcqTpP4cp1lhcw
DA:152,1,xjcDBnSwra0OiNOAYAwoHA
DA:153,1,8Itb9mjtltoaBRQGmr+SZQ
DA:154,1,nEIPu9DqqQpy0BqR/DrpNg
DA:31,0,myURU1WXgMWER/ruVBSsRg
DA:101,0,WPh9SQRbYN2hgkod068Yyw
DA:116,0,5QxMsSiyxL4HI+MIs5PVNw
DA:117,0,Xxux9sDy3pNVGC84t1pOgg
DA:122,0,WPh9SQRbYN2hgkod068Yyw
DA:140,0,Y0pWU/AVNNQ9ZCm9IQZovQ
DA:148,0,o7tvNiq40uwo8eP+lY5kyg
DA:149,0,kycMaH6XbPuAfUpgfG1Lbg
DA:155,0,o7tvNiq40uwo8eP+lY5kyg
DA:156,0,kycMaH6XbPuAfUpgfG1Lbg
LF:94
LH:84
end_of_record
TN:
SF:users/converters.py
DA:1,1,DxtaAXdRc2C7Jp33EWZ6lg
DA:4,1,1z5vWzppheBNEisUp3Hd/w
DA:5,1,9dMwKv+De3UBq975GVWMUw
DA:7,1,+2ZmE6+K59IEr7FVK6m5Cg
DA:8,1,SY/it0Pm5wVZvXVMxDyDSA
DA:10,1,faMy3R3JSWTrS2oJqemPZg
DA:11,1,Q6yWI5VCfwm7b9++/lfW3w
LF:7
LH:7
end_of_record
TN:
SF:users/emails.py
DA:1,1,MsisB2z8wTUToOPtZheBvg
DA:2,1,2gQBfumZWuYtwcGiTlsDzA
DA:3,1,C3BjuF50D91JN6BZ/hdPGA
DA:4,1,lu7vFnHMCnnGYh8TyB7U2w
DA:7,1,u54Y1PCpCj5ovaF4FbgAOg
DA:8,1,wb/8NxJ2UF/RnAr+ksUuRg
DA:9,1,9SuhvOoQk7H/erb/fk1rQA
DA:16,1,CEZbUV86OtDrgYf0gW3feA
DA:17,1,CaJQ0Hpa1HL1QozyaB3/Ag
DA:18,1,8wOKZJUN6iKmR2dFy5Us+Q
DA:20,1,y7D72Eadq699C6zRGZB9jQ
DA:26,1,EfM4zKBt9USaOvHJRA90NQ
DA:29,1,CgKv9NavJ3rcd3XMdsI9/A
LF:13
LH:13
end_of_record
TN:
SF:users/models.py
DA:1,1,DxtaAXdRc2C7Jp33EWZ6lg
DA:3,1,iQ1r5YOvMns2nfRjfoIsMQ
DA:4,1,GfjFfodtoPIyTYgzfd4UcQ
DA:5,1,qkL08bFyf9t1vRFCJZjJyw
DA:6,1,yfPUERHh60V1p6I2zbbenA
DA:10,1,ECd+O6V1zEzR0FghXC65zA
DA:17,1,i0rNAlBDLLCZMPvigI31ZA
DA:18,1,PRImg3viZiAOy/khd11H0w
DA:20,1,HB4yIO1iyljTY8/arbQakg
DA:21,1,RDiN7hv52PCCI9YEoN09sg
DA:27,1,iiqEWuMHwBflXDmAMQMTMg
DA:28,1,P5JhqQBNLqQIds7NeImw3A
DA:29,1,uU1kIL9erXM0EoWW1gLslA
DA:32,1,7IPdHjYaZBfwQeA2Y/Bn6Q
DA:33,1,prYWXzI63Xu+lV+tRpgNQw
DA:34,1,dgSXpeDKwmodfKEOFp3J1w
DA:35,1,Hjzd4p7nJM+uyM5bEBWqeg
LF:17
LH:17
end_of_record
TN:
SF:users/serializers.py
DA:1,1,YsNq7sOAXHFMRHx5HnPYKA
DA:2,1,F0ZEBB3DhFSs84TXK8VThw
DA:3,1,as5xNKWRvovmvpgmbvRcLw
DA:5,1,AS1mQpv/LSNFrj1RvdSTCw
DA:8,1,w/3lC93aVObyNXcjhtHyXg
DA:9,1,HB4yIO1iyljTY8/arbQakg
DA:10,1,0UTT6mY/v/LA7ZKNnVnUsQ
DA:11,1,nAn+o9KpTB5ub3UCC0W1HA
DA:19,1,9zdIxuXCCN45+U3YsVJtiQ
DA:22,1,hocDIw2YXEyCmU95nyDGig
DA:23,1,qYlvloEy3e1O/GX6srmEvQ
DA:25,1,e7Id79DFjoE8YPBQGb8+fQ
DA:26,1,WgJKLv+zPSEeb/lYjPLkIg
DA:28,1,NF1yOR7h/hVE01xgN3CNZw
DA:29,1,Ih0AzdCES5M+LJIaj8E5sw
DA:30,1,xjcDBnSwra0OiNOAYAwoHA
DA:31,1,NtE9sJ3Q9AjowFH4LILJew
DA:32,1,wMJZcV37xUAKdeb8Goa+vw
DA:33,1,HsEW1+ya52RulGh4COncMA
DA:35,1,PsT+T3zPl8QhoDWsrc1CZw
DA:36,1,d5Ym9ve+ogldb+v66KLLog
DA:38,1,6uZSbamNWhk8tQn5VyxjrQ
DA:40,1,G8vbTpkhULDbpbr9GBrntA
DA:41,1,lwKWCB7YThXwh9kNp2lojg
DA:42,1,NzegDMlLYRNqkdBA6zWgiw
DA:44,1,0wIUvyD6r7c4FtvQnyGeiQ
DA:46,1,nQOCe00l3+eA37NRl+Ivvw
DA:48,1,HB4yIO1iyljTY8/arbQakg
DA:49,1,xXWGbQZpYmCc8IcK7UsDFg
DA:50,1,nAn+o9KpTB5ub3UCC0W1HA
DA:60,1,wZcv19AxsKRNIRSLttv/Qw
DA:63,1,nxkb+qbzebk2J+jm2BcgAQ
DA:64,1,qYlvloEy3e1O/GX6srmEvQ
DA:66,1,HB4yIO1iyljTY8/arbQakg
DA:67,1,xXWGbQZpYmCc8IcK7UsDFg
DA:68,1,7/FwsvqKv/N5K3RlCACV2Q
DA:71,1,oYwFY/ISFct0uXhbdSChIQ
DA:72,1,qYlvloEy3e1O/GX6srmEvQ
DA:74,1,HB4yIO1iyljTY8/arbQakg
DA:75,1,xXWGbQZpYmCc8IcK7UsDFg
DA:76,1,vr+kIGR8w5hWAYzI8eVKYQ
DA:79,1,wmfCTdXvFdZNrqeEUlHcdg
DA:80,1,Tr9vVLcMpJSIMP2+Ubl/0g
DA:82,1,HB4yIO1iyljTY8/arbQakg
DA:83,1,NgvlZIAHs5KDMbQsMOQDmw
DA:84,1,mUbHIYu3Ui1WQAXB9liuZg
DA:85,1,02E8EUdOTlL8S8OSHwfYUQ
LF:47
LH:47
end_of_record
TN:
SF:users/signals.py
DA:1,1,DxtaAXdRc2C7Jp33EWZ6lg
DA:3,1,Abf+51VVlbBujsiXRn4yUQ
DA:4,1,tYV2614RLbkJI/gAjZv0aQ
DA:6,1,7ev89gMOywGNu6Tpp7EBuA
DA:7,1,vFPxCTAfh5Ruazk57jhxMA
DA:10,1,Kg/fIxZVhbn8/zBcE3aUlQ
DA:11,1,7XGPfs7ybHm2fbKfZdDFNA
DA:12,1,DLj3pUs+IPK1I08/PxhojQ
DA:13,1,q6O1Oi75n2ZpIY12L45Y9A
DA:14,1,O4dJFnqGC1wJ+/mA5Pz4Tg
DA:15,1,e0SToJD0k4RJID9IDjjSVw
DA:16,1,iv/sW9bYNFfXd5wet6egUA
LF:12
LH:12
end_of_record
TN:
SF:users/tests.py
DA:1,1,eVgNCNykaKqMapCcenzXDg
DA:3,1,6EqVyswJtxIE+9LVqyxOlA
DA:4,1,C3BjuF50D91JN6BZ/hdPGA
DA:5,1,+RiVtAXVNuAy9Du0A50TeQ
DA:6,1,35XmMhyT6SmGGyq+sPhxmA
DA:7,1,+ZLt5X4AztHk+t9Rrbo8KQ
DA:9,1,vFPxCTAfh5Ruazk57jhxMA
DA:14,1,94X4nhA7Pe/OFJ+DxO73Mg
DA:15,1,bo2xNKj3taTfQ6ii0gtBGQ
DA:26,1,EJe45NqHJchH2T5Q1HJypA
DA:27,1,uO6SL6oa0XhPLAbmLZifUg
DA:28,1,ZgAB+S+/KQK1XsMiHgqRPQ
DA:29,1,djcUnAbwhXxrW82Rud/LQA
DA:35,1,TPSJUf1MG2vK9pDVCiGc7Q
DA:37,1,wTHIxYfxDQ7eqX4IBCY4mg
DA:38,1,j3OoryUbpPAOHE++xdICGQ
DA:39,1,JXjm5VFtIp8UOdepdijwkQ
DA:40,1,cSgw8J92RDki/je3b3g26w
DA:41,1,IGaGemqHLqI3kn+qCIyxsA
DA:44,1,EJe45NqHJchH2T5Q1HJypA
DA:45,1,CrkcgYh6PW1KvcU37yy1EA
DA:46,1,GfRHtLT4Yesnx9vjPtgEhg
DA:47,1,djcUnAbwhXxrW82Rud/LQA
DA:54,1,TPSJUf1MG2vK9pDVCiGc7Q
DA:55,1,wTHIxYfxDQ7eqX4IBCY4mg
DA:58,1,TPSJUf1MG2vK9pDVCiGc7Q
DA:59,1,PycDAS7BLgpTC255cYlUrA
DA:60,1,niY/3kema8XBohvm3Qhc9g
DA:63,1,EJe45NqHJchH2T5Q1HJypA
DA:64,1,b/mzjGfBky75698Yxxuk3Q
DA:65,1,GfRHtLT4Yesnx9vjPtgEhg
DA:66,1,djcUnAbwhXxrW82Rud/LQA
DA:72,1,TPSJUf1MG2vK9pDVCiGc7Q
DA:73,1,PycDAS7BLgpTC255cYlUrA
DA:74,1,mIcu+12y7KuSztt2bWHAeg
DA:77,1,EJe45NqHJchH2T5Q1HJypA
DA:78,1,QorbWxH36uZNxC+67GaUvg
DA:79,1,GfRHtLT4Yesnx9vjPtgEhg
DA:80,1,djcUnAbwhXxrW82Rud/LQA
DA:86,1,TPSJUf1MG2vK9pDVCiGc7Q
DA:87,1,PycDAS7BLgpTC255cYlUrA
DA:88,1,+8o6H7WX6jtk/RONKMHtaA
DA:91,1,EJe45NqHJchH2T5Q1HJypA
DA:92,1,ANoJ+qtC+70Q9Re+OlR/Zw
DA:93,1,GfRHtLT4Yesnx9vjPtgEhg
DA:94,1,djcUnAbwhXxrW82Rud/LQA
DA:100,1,TPSJUf1MG2vK9pDVCiGc7Q
DA:101,1,PycDAS7BLgpTC255cYlUrA
DA:102,1,+8o6H7WX6jtk/RONKMHtaA
DA:105,1,EJe45NqHJchH2T5Q1HJypA
DA:106,1,zGHI2CNv+Rs9j8XDQ9dctQ
DA:107,1,GfRHtLT4Yesnx9vjPtgEhg
DA:108,1,djcUnAbwhXxrW82Rud/LQA
DA:114,1,TPSJUf1MG2vK9pDVCiGc7Q
DA:115,1,PycDAS7BLgpTC255cYlUrA
DA:116,1,+8o6H7WX6jtk/RONKMHtaA
DA:119,1,EJe45NqHJchH2T5Q1HJypA
DA:120,1,yPy38LKQnCesJTQZAfWkxg
DA:121,1,GfRHtLT4Yesnx9vjPtgEhg
DA:122,1,djcUnAbwhXxrW82Rud/LQA
DA:128,1,TPSJUf1MG2vK9pDVCiGc7Q
DA:129,1,PycDAS7BLgpTC255cYlUrA
DA:130,1,niY/3kema8XBohvm3Qhc9g
DA:133,1,EJe45NqHJchH2T5Q1HJypA
DA:134,1,nqeaXzipzaJ8d5n00F9F0g
DA:135,1,GfRHtLT4Yesnx9vjPtgEhg
DA:136,1,djcUnAbwhXxrW82Rud/LQA
DA:142,1,TPSJUf1MG2vK9pDVCiGc7Q
DA:143,1,wTHIxYfxDQ7eqX4IBCY4mg
DA:144,1,VPkkmIfTbwAqr8AVya4Dpg
DA:147,1,EJe45NqHJchH2T5Q1HJypA
DA:148,1,2Nbgalxs07OzGvVJKjlrKg
DA:150,1,2BTgfoWfv8QjlDwyPFgFjg
DA:156,1,whkP15alZQZDFJ9+a5i6SA
DA:159,1,pCJSqcQxcmTjjB6yyND4og
DA:160,1,TQ5AlHzmp3/WKBnqiTMQ4w
DA:161,1,CCF6lgZXam0EKCh24kwoag
DA:162,1,uKg4fVaJTmMsHvrSmDb+Lg
DA:164,1,Q2gg1E58SFK3YLLx+AagKA
DA:166,1,gablFS+/8HK6YP4VmPEMbw
DA:167,1,6+urVPjzGk/dM6T/DcfB3g
DA:168,1,l411VYMzp+ECpmhJ29+gLA
DA:169,1,wZ9B8cWpIY12atLQHmFktw
DA:172,1,EJe45NqHJchH2T5Q1HJypA
DA:173,1,iLzVSIrx3RjuwRY7sn4GBw
DA:174,1,/hl/SOPVq86IbiRILAKspA
DA:180,1,PZffJm6EEeFCDvTV7hLOeA
DA:181,1,qmZgM19fOWlzpAzmf7XG3g
DA:183,1,3xr6YUIXXKwNZy1qYNeH3w
DA:185,1,Cf2VYfwXEHsOjhh0D0Pc9A
DA:186,1,30E5WqVXcJYr8zYne3tgLg
DA:187,1,aKrD1hOsC7W9WISlcF7JQg
DA:188,1,rsJv176fV+Rd2r1y1dVIiA
DA:191,1,EJe45NqHJchH2T5Q1HJypA
DA:192,1,kkp/Wsv+hLLAwbxnkmgBiw
DA:193,1,yjHN9M2CmoFmcOWxOUjeng
DA:194,1,3xr6YUIXXKwNZy1qYNeH3w
DA:195,1,Cf2VYfwXEHsOjhh0D0Pc9A
DA:196,1,g3Z5mb/7ffD7MLpMUkFdug
DA:199,1,EJe45NqHJchH2T5Q1HJypA
DA:200,1,g1nadU7BC4DIBE8kGvR6fg
DA:201,1,/hl/SOPVq86IbiRILAKspA
DA:207,1,PZffJm6EEeFCDvTV7hLOeA
DA:208,1,qmZgM19fOWlzpAzmf7XG3g
DA:210,1,3xr6YUIXXKwNZy1qYNeH3w
DA:212,1,Cf2VYfwXEHsOjhh0D0Pc9A
DA:213,1,30E5WqVXcJYr8zYne3tgLg
DA:214,1,aKrD1hOsC7W9WISlcF7JQg
DA:215,1,rsJv176fV+Rd2r1y1dVIiA
DA:219,1,oslN6OP7OUgIPlbReAHaxA
DA:220,1,ohc27KyV7hKI84YrbsqggQ
DA:223,1,EJe45NqHJchH2T5Q1HJypA
DA:224,1,4KDpEwnjaJ3Hu/wZOrEk2g
DA:225,1,2BTgfoWfv8QjlDwyPFgFjg
DA:231,1,PZffJm6EEeFCDvTV7hLOeA
DA:233,1,y52zuvyUz4sI+R+kSE1nfw
DA:238,1,tACOZj/pw1UnSr9yI9BOYg
DA:239,1,bfO6aLmtL+qg2h7tKRhKTw
DA:241,1,30E5WqVXcJYr8zYne3tgLg
DA:242,1,TWl/GW4fcsP168Gyfh08Vg
DA:243,1,WSgRE8nc5gaiyLYYQXxIqg
DA:249,1,EJe45NqHJchH2T5Q1HJypA
DA:250,1,5Cfeaa6cWLCFZ9R0n/4Tow
DA:251,1,IAq2wtuw6XBP23/Rog8NnA
DA:252,1,wLAnATtkZ2baCgZWrA2ecQ
DA:254,1,qrzqHpClR6VUS575VzyNSw
DA:256,1,0fFw+/ckP12BAeR92+fGMQ
DA:258,1,qrzqHpClR6VUS575VzyNSw
DA:261,1,EJe45NqHJchH2T5Q1HJypA
DA:262,1,wJ58YYJhx3fnhdnBm8rPZQ
DA:263,1,/ETADTcKnQyIeGkYdWQqQA
DA:264,1,wLAnATtkZ2baCgZWrA2ecQ
DA:265,1,qrzqHpClR6VUS575VzyNSw
DA:267,1,0fFw+/ckP12BAeR92+fGMQ
DA:268,1,qrzqHpClR6VUS575VzyNSw
DA:270,1,RjXN3s7qYGRHCNzE/JrkRA
DA:271,1,qrzqHpClR6VUS575VzyNSw
DA:16,0,ILyso8ckNvFjDJMkgNLUTA
DA:19,0,XhRuGIaFcFrsf7NImpP7LA
DA:20,0,ZwJqFfWZTofOmSjyQunQFw
DA:21,0,1Tw4c1oYBdSusC69oysMTQ
DA:23,0,/a0LgALjQBFQfZ8reXSgfw
LF:142
LH:137
end_of_record
TN:
SF:users/views.py
DA:3,1,Fqqu5sGPVb/wzWM+nBeTCw
DA:4,1,WharKvtPfss9FgU67KKiuA
DA:5,1,QlTs+YN5XKiwxqCWXwmIEw
DA:6,1,kRJFA/CBtSURqcBzDrFCbA
DA:7,1,3Mq3g9Ls+cf2F0x2O96V9Q
DA:8,1,eFNlKPSYKKRXtW4CJ8bg2w
DA:10,1,AS1mQpv/LSNFrj1RvdSTCw
DA:11,1,Ub4k9P2Weh3Y0DMkix/r9Q
DA:20,1,Cu4m5Z/eVUk9BuEGTWK1rw
DA:21,1,XfbITSF29aki4h6jN8/c0Q
DA:22,1,BFJrTR2+8EW2dZypczfDnA
DA:23,1,OVqtfJPXLKZajvL1rHgW/g
DA:26,1,XTemaO4aMeXcxUEkcEL+Tg
DA:27,1,41KqLasEhxmGFLs8N+OGzA
DA:28,1,FZqis8a9BQkWEZQsMoNhyg
DA:30,1,Rvwd29PbyiFk2FnqGDYgCQ
DA:34,1,INxw6EFb26NwTkhtWZiaEA
DA:35,1,Sws4zPYwRG1NrvkCbMGmig
DA:37,1,OVqtfJPXLKZajvL1rHgW/g
DA:38,1,sG604KIJuc6/CASfVFcxMg
DA:40,1,ohjXyBNGyQQk6tQfJs2GSg
DA:50,1,vvAkmiseD914r7tRqnNOdQ
DA:51,1,Ck/fgZ07+gXVlSoaxxpjRw
DA:52,1,+6EAJ/SR4ts1txTH6zkLrw
DA:54,1,ohjXyBNGyQQk6tQfJs2GSg
DA:63,1,j2xqYAOgCd6mvzbP1UpV2A
DA:64,1,lxiTC8I9VfMgIEaMNDG1AA
DA:65,1,FZqis8a9BQkWEZQsMoNhyg
DA:67,1,hnMVcGmdjK5kTh0fJI/uow
DA:68,1,EVpPzytRkQ4YGuMUCLrNEA
DA:69,1,Osg0cI7cUuCfU0SrNO3v1g
DA:70,1,I2o+eD/i7ZqO5mDTerBGHw
DA:72,1,foP3UJLKU5rZhNiFkwdhXg
DA:76,1,WPh9SQRbYN2hgkod068Yyw
DA:79,1,0+vBpyXefAJLlzdEpeUkWA
DA:80,1,lxiTC8I9VfMgIEaMNDG1AA
DA:81,1,SiHWerrMpVe47sjpPAeMVQ
DA:83,1,olSY5IsQGDHx+QkmZIT0Xg
DA:84,1,zwJoi4IE2Lax9wzbh2U3Sg
DA:85,1,9UMUtCh+cyHCYZG5c9lvAA
DA:86,1,4AvWqH5zozCc7F2vpjFjSw
DA:87,1,nak1xhuBxJFcG9lFPKWmuA
DA:89,1,c8hjyn6iUYeR8YVkD0fUSQ
DA:91,1,lf2blD+REH34wJ7Ibq5bzA
DA:31,0,l9mcFw0adknACK+v/xot1w
DA:41,0,K+iLTdhkzUg8i9kMI7XSaA
DA:43,0,9CwZo2+GTjxi0pcSW4Hhig
DA:44,0,TBD4QlrLw3VBGtQFt5tz6Q
DA:55,0,QVbCUfu2zvlxF5cv1jUdTw
DA:56,0,9JMNRkEPbysjvIENOj+1Ig
DA:57,0,TBD4QlrLw3VBGtQFt5tz6Q
LF:50
LH:43
end_of_record
